<?xml version="1.0" encoding="UTF-8"?>
<testsuite xmlns:xsi="http://www.w3.org/2001/XMLSchema-instance" xsi:noNamespaceSchemaLocation="https://maven.apache.org/surefire/maven-surefire-plugin/xsd/surefire-test-report-3.0.xsd" version="3.0" name="com.pricetracker.AppTest" time="0.034" tests="1" errors="0" skipped="0" failures="0">
  <properties>
    <property name="java.specification.version" value="21"/>
    <property name="sun.cpu.isalist" value="amd64"/>
    <property name="sun.jnu.encoding" value="Cp1252"/>
    <property name="java.class.path" value="C:\Users\a230837nk\Documents\pricetracker\target\test-classes;C:\Users\a230837nk\Documents\pricetracker\target\classes;C:\Users\a230837nk\.m2\repository\org\openjfx\javafx-controls\21\javafx-controls-21.jar;C:\Users\a230837nk\.m2\repository\org\openjfx\javafx-controls\21\javafx-controls-21-win.jar;C:\Users\a230837nk\.m2\repository\org\openjfx\javafx-graphics\21\javafx-graphics-21.jar;C:\Users\a230837nk\.m2\repository\org\openjfx\javafx-graphics\21\javafx-graphics-21-win.jar;C:\Users\a230837nk\.m2\repository\org\openjfx\javafx-base\21\javafx-base-21.jar;C:\Users\a230837nk\.m2\repository\org\openjfx\javafx-base\21\javafx-base-21-win.jar;C:\Users\a230837nk\.m2\repository\org\openjfx\javafx-fxml\21\javafx-fxml-21.jar;C:\Users\a230837nk\.m2\repository\org\openjfx\javafx-fxml\21\javafx-fxml-21-win.jar;C:\Users\a230837nk\.m2\repository\junit\junit\4.11\junit-4.11.jar;C:\Users\a230837nk\.m2\repository\org\hamcrest\hamcrest-core\1.3\hamcrest-core-1.3.jar;C:\Users\a230837nk\.m2\repository\org\jsoup\jsoup\1.18.3\jsoup-1.18.3.jar;"/>
    <property name="java.vm.vendor" value="Eclipse Adoptium"/>
    <property name="sun.arch.data.model" value="64"/>
    <property name="user.variant" value=""/>
    <property name="java.vendor.url" value="https://adoptium.net/"/>
    <property name="user.timezone" value="Europe/Riga"/>
    <property name="user.country.format" value="LV"/>
    <property name="os.name" value="Windows 11"/>
    <property name="java.vm.specification.version" value="21"/>
    <property name="sun.java.launcher" value="SUN_STANDARD"/>
    <property name="user.country" value="US"/>
    <property name="sun.boot.library.path" value="C:\Program Files\Eclipse Adoptium\jdk-21.0.4.7-hotspot\bin"/>
    <property name="sun.java.command" value="C:\Users\a230837nk\AppData\Local\Temp\surefire8384053957651255158\surefirebooter-20250225112310049_3.jar C:\Users\a230837nk\AppData\Local\Temp\surefire8384053957651255158 2025-02-25T11-23-09_623-jvmRun1 surefire-20250225112310049_1tmp surefire_0-20250225112310049_2tmp"/>
    <property name="jdk.debug" value="release"/>
    <property name="surefire.test.class.path" value="C:\Users\a230837nk\Documents\pricetracker\target\test-classes;C:\Users\a230837nk\Documents\pricetracker\target\classes;C:\Users\a230837nk\.m2\repository\org\openjfx\javafx-controls\21\javafx-controls-21.jar;C:\Users\a230837nk\.m2\repository\org\openjfx\javafx-controls\21\javafx-controls-21-win.jar;C:\Users\a230837nk\.m2\repository\org\openjfx\javafx-graphics\21\javafx-graphics-21.jar;C:\Users\a230837nk\.m2\repository\org\openjfx\javafx-graphics\21\javafx-graphics-21-win.jar;C:\Users\a230837nk\.m2\repository\org\openjfx\javafx-base\21\javafx-base-21.jar;C:\Users\a230837nk\.m2\repository\org\openjfx\javafx-base\21\javafx-base-21-win.jar;C:\Users\a230837nk\.m2\repository\org\openjfx\javafx-fxml\21\javafx-fxml-21.jar;C:\Users\a230837nk\.m2\repository\org\openjfx\javafx-fxml\21\javafx-fxml-21-win.jar;C:\Users\a230837nk\.m2\repository\junit\junit\4.11\junit-4.11.jar;C:\Users\a230837nk\.m2\repository\org\hamcrest\hamcrest-core\1.3\hamcrest-core-1.3.jar;C:\Users\a230837nk\.m2\repository\org\jsoup\jsoup\1.18.3\jsoup-1.18.3.jar;"/>
    <property name="sun.cpu.endian" value="little"/>
    <property name="user.home" value="C:\Users\a230837nk"/>
    <property name="user.language" value="en"/>
    <property name="java.specification.vendor" value="Oracle Corporation"/>
    <property name="java.version.date" value="2024-07-16"/>
    <property name="java.home" value="C:\Program Files\Eclipse Adoptium\jdk-21.0.4.7-hotspot"/>
    <property name="file.separator" value="\"/>
    <property name="basedir" value="C:\Users\a230837nk\Documents\pricetracker"/>
    <property name="java.vm.compressedOopsMode" value="32-bit"/>
    <property name="line.separator" value="&#10;"/>
    <property name="java.vm.specification.vendor" value="Oracle Corporation"/>
    <property name="java.specification.name" value="Java Platform API Specification"/>
    <property name="surefire.real.class.path" value="C:\Users\a230837nk\AppData\Local\Temp\surefire8384053957651255158\surefirebooter-20250225112310049_3.jar"/>
    <property name="user.script" value=""/>
    <property name="sun.management.compiler" value="HotSpot 64-Bit Tiered Compilers"/>
    <property name="java.runtime.version" value="21.0.4+7-LTS"/>
    <property name="user.name" value="A230837NK"/>
    <property name="stdout.encoding" value="Cp1252"/>
    <property name="path.separator" value=";"/>
    <property name="os.version" value="10.0"/>
    <property name="java.runtime.name" value="OpenJDK Runtime Environment"/>
    <property name="file.encoding" value="UTF-8"/>
    <property name="java.vm.name" value="OpenJDK 64-Bit Server VM"/>
    <property name="java.vendor.version" value="Temurin-21.0.4+7"/>
    <property name="localRepository" value="C:\Users\a230837nk\.m2\repository"/>
    <property name="java.vendor.url.bug" value="https://github.com/adoptium/adoptium-support/issues"/>
    <property name="java.io.tmpdir" value="C:\Users\A23083~1\AppData\Local\Temp\"/>
    <property name="java.version" value="21.0.4"/>
    <property name="user.dir" value="C:\Users\a230837nk\Documents\pricetracker"/>
    <property name="os.arch" value="amd64"/>
    <property name="java.vm.specification.name" value="Java Virtual Machine Specification"/>
    <property name="user.language.format" value="lv"/>
    <property name="sun.os.patch.level" value=""/>
    <property name="native.encoding" value="Cp1252"/>
    <property name="java.library.path" value="C:\Program Files\Eclipse Adoptium\jdk-21.0.4.7-hotspot\bin;C:\Windows\Sun\Java\bin;C:\Windows\system32;C:\Windows;C:\Program Files\Eclipse Adoptium\jdk-21.0.4.7-hotspot\bin;C:\Program Files\Common Files\Oracle\Java\javapath;C:\Windows\system32;C:\Windows;C:\Windows\System32\Wbem;C:\Windows\System32\WindowsPowerShell\v1.0\;C:\Windows\System32\OpenSSH\;C:\Program Files\dotnet\;C:\Program Files (x86)\eParaksts Token Signing\;C:\Program Files (x86)\Microsoft SQL Server\160\Tools\Binn\;C:\Program Files\Microsoft SQL Server\160\Tools\Binn\;C:\Program Files\Microsoft SQL Server\Client SDK\ODBC\170\Tools\Binn\;C:\Program Files\Microsoft SQL Server\160\DTS\Binn\;C:\Program Files (x86)\Microsoft SQL Server\160\DTS\Binn\;C:\Program Files\Azure Data Studio\bin;C:\Program Files\Zabbix Agent 2\;C:\Users\a230837nk\AppData\Local\Microsoft\WindowsApps;C:\Users\a230837nk\AppData\Local\Programs\Microsoft VS Code\bin;C:\Users\a230837nk\AppData\Local\Programs\Git\cmd;c:\Users\a230837nk\AppData\Roaming\Code\User\globalStorage\github.copilot-chat\debugCommand;."/>
    <property name="java.vm.info" value="mixed mode, sharing"/>
    <property name="stderr.encoding" value="Cp1252"/>
    <property name="java.vendor" value="Eclipse Adoptium"/>
    <property name="java.vm.version" value="21.0.4+7-LTS"/>
    <property name="sun.io.unicode.encoding" value="UnicodeLittle"/>
    <property name="java.class.version" value="65.0"/>
  </properties>
  <testcase name="shouldAnswerWithTrue" classname="com.pricetracker.AppTest" time="0.002"/>
</testsuite>